11:50:18.078 [0.0/8.0G] WARN  [main] contrast.umbrella.cli.EmbeddedResourceData: embedded resource embedded-policies.jar not present
11:50:18.082 [0.0/8.0G] WARN  [main] contrast.umbrella.cli.UmbrellaApp: Embedded resource data not found
11:50:18.636 [0.1/8.0G] INFO  [main] contrast.umbrella.cli.UmbrellaApp: Application class inclusions: null
11:50:18.636 [0.1/8.0G] INFO  [main] contrast.umbrella.cli.UmbrellaApp: Application class exclusions: null
11:50:18.655 [0.1/8.0G] INFO  [main] contrast.umbrella.classpath.WarFileExtractor$JasperSmapResolver: extracting /Users/ishmael.serrano/repos/Maven-petclinic-project/target/petclinic.war to /private/var/folders/wg/j9yrx31d2572pq_s_th07wgh0000gp/T/umbrella-war-extracted4967509735502559942
11:50:20.745 [0.2/8.0G] INFO  [main] contrast.umbrella.classpath.WarFileExtractor$JasperSmapResolver: Successful JSP compilations: 9
11:50:20.811 [0.2/8.0G] WARN  [main] contrast.umbrella.classpath.WarFileExtractor$JasperSmapResolver: The web.xml file didn't exist
11:50:20.823 [0.2/8.0G] INFO  [main] contrast.umbrella.cli.UmbrellaApp: Using ProviderLibPath: null
11:50:21.081 [0.2/8.0G] INFO  [main] de.fraunhofer.iem.umbrella.jimple.parseclassfile.JimpleClassParser: parsing 1018 application classes
11:50:21.126 [0.2/8.0G] ERROR [main] de.fraunhofer.iem.umbrella.jimple.parseclassfile.JimpleParseEngine: exception while parsing aj.org.objectweb.asm.ClassWriter: Stack underflow source-line: -1 - creating phantom class
11:50:21.235 [0.3/8.0G] ERROR [main] de.fraunhofer.iem.umbrella.jimple.parseclassfile.JimpleParseEngine: exception while parsing org.sonarsource.scanner.api.internal.shaded.okhttp.Cache$Entry: Stack underflow source-line: 558 - creating phantom class
11:50:21.239 [0.3/8.0G] ERROR [main] de.fraunhofer.iem.umbrella.jimple.parseclassfile.JimpleParseEngine: exception while parsing org.sonarsource.scanner.api.internal.shaded.okhttp.Cache$CacheResponseBody: Stack underflow source-line: 756 - creating phantom class
11:50:21.258 [0.3/8.0G] ERROR [main] de.fraunhofer.iem.umbrella.jimple.parseclassfile.JimpleParseEngine: exception while parsing org.sonatype.plexus.components.cipher.PlexusCipher$1: Stack underflow source-line: 23 - creating phantom class
11:50:21.277 [0.3/8.0G] ERROR [main] de.fraunhofer.iem.umbrella.jimple.parseclassfile.JimpleParseEngine: exception while parsing org.springframework.retry.backoff.UniformRandomBackOffPolicy: Stack underflow source-line: 76 - creating phantom class
11:50:21.281 [0.3/8.0G] ERROR [main] de.fraunhofer.iem.umbrella.jimple.parseclassfile.JimpleParseEngine: exception while parsing org.sonatype.plexus.components.sec.dispatcher.SecUtil: Stack underflow source-line: 74 - creating phantom class
11:50:21.293 [0.3/8.0G] ERROR [main] de.fraunhofer.iem.umbrella.jimple.parseclassfile.JimpleParseEngine: exception while parsing org.sonarsource.scanner.api.internal.shaded.okhttp.Cookie: Stack underflow source-line: 290 - creating phantom class
11:50:21.296 [0.3/8.0G] ERROR [main] de.fraunhofer.iem.umbrella.jimple.parseclassfile.JimpleParseEngine: exception while parsing org.springframework.retry.backoff.ExponentialBackOffPolicy: Stack underflow source-line: 113 - creating phantom class
11:50:21.302 [0.3/8.0G] ERROR [main] de.fraunhofer.iem.umbrella.jimple.parseclassfile.JimpleParseEngine: exception while parsing org.sonarsource.scanner.api.internal.shaded.okhttp.internal.Util: Stack underflow source-line: 173 - creating phantom class
11:50:21.394 [0.3/8.0G] ERROR [main] de.fraunhofer.iem.umbrella.jimple.parseclassfile.JimpleParseEngine: exception while parsing org.sonatype.plexus.components.sec.dispatcher.SecDispatcher$1: Stack underflow source-line: 24 - creating phantom class
11:50:21.481 [0.0/8.0G] ERROR [main] de.fraunhofer.iem.umbrella.jimple.parseclassfile.JimpleParseEngine: exception while parsing org.sonarsource.scanner.api.internal.shaded.minimaljson.Json: Stack underflow source-line: 296 - creating phantom class
11:50:21.507 [0.1/8.0G] ERROR [main] de.fraunhofer.iem.umbrella.jimple.parseclassfile.JimpleParseEngine: exception while parsing org.sonarsource.scanner.api.internal.shaded.okio.Buffer: Stack underflow source-line: 1221 - creating phantom class
11:50:21.507 [0.1/8.0G] ERROR [main] de.fraunhofer.iem.umbrella.jimple.parseclassfile.JimpleParseEngine: exception while parsing org.sonatype.plexus.components.cipher.PBECipher: Stack underflow source-line: 92 - creating phantom class
11:50:21.526 [0.1/8.0G] ERROR [main] de.fraunhofer.iem.umbrella.jimple.parseclassfile.JimpleParseEngine: exception while parsing org.springframework.retry.annotation.AnnotationAwareRetryOperationsInterceptor: Stack underflow source-line: 218 - creating phantom class
11:50:21.547 [0.1/8.0G] ERROR [main] de.fraunhofer.iem.umbrella.jimple.parseclassfile.JimpleParseEngine: exception while parsing org.springframework.retry.backoff.FixedBackOffPolicy: Stack underflow source-line: 66 - creating phantom class
11:50:21.566 [0.1/8.0G] ERROR [main] de.fraunhofer.iem.umbrella.jimple.parseclassfile.JimpleParseEngine: exception while parsing org.sonatype.plexus.components.sec.dispatcher.model.io.xpp3.SecurityConfigurationXpp3Reader: Stack underflow source-line: 149 - creating phantom class
11:50:21.572 [0.1/8.0G] ERROR [main] de.fraunhofer.iem.umbrella.jimple.parseclassfile.JimpleParseEngine: exception while parsing aj.org.objectweb.asm.ClassReader: Stack underflow source-line: -1 - creating phantom class
11:50:21.586 [0.1/8.0G] ERROR [main] de.fraunhofer.iem.umbrella.jimple.parseclassfile.JimpleParseEngine: exception while parsing org.sonatype.plexus.components.sec.dispatcher.PasswordDecryptor$1: Stack underflow source-line: 27 - creating phantom class
11:50:21.596 [0.1/8.0G] ERROR [main] de.fraunhofer.iem.umbrella.jimple.parseclassfile.JimpleParseEngine: exception while parsing org.sonarsource.scanner.api.internal.shaded.okhttp.internal.framed.FramedConnection: Stack underflow source-line: 201 - creating phantom class
11:50:21.620 [0.1/8.0G] ERROR [main] de.fraunhofer.iem.umbrella.jimple.parseclassfile.JimpleParseEngine: exception while parsing org.sonarsource.scanner.api.internal.shaded.minimaljson.JsonValue: Stack underflow source-line: 127 - creating phantom class
11:50:21.621 [0.1/8.0G] ERROR [main] de.fraunhofer.iem.umbrella.jimple.parseclassfile.JimpleParseEngine: exception while parsing org.sonatype.plexus.components.sec.dispatcher.DefaultSecDispatcher: Stack underflow source-line: 79 - creating phantom class
11:50:21.656 [0.1/8.0G] INFO  [main] de.fraunhofer.iem.umbrella.jimple.parseclassfile.JimpleParseEngine: exception while parsing org.joda.money.CurrencyUnit - creating phantom class
11:50:21.656 [0.1/8.0G] INFO  [main] de.fraunhofer.iem.umbrella.jimple.parseclassfile.JimpleParseEngine: exception while parsing org.joda.money.BigMoney - creating phantom class
11:50:21.660 [0.1/8.0G] INFO  [main] de.fraunhofer.iem.umbrella.jimple.parseclassfile.JimpleParseEngine: exception while parsing javax.servlet.http.HttpServletRequest - creating phantom class
11:50:21.690 [0.1/8.0G] INFO  [main] de.fraunhofer.iem.umbrella.jimple.parseclassfile.JimpleParseEngine: exception while parsing javax.servlet.jsp.tagext.TagSupport - creating phantom class
11:50:21.690 [0.1/8.0G] INFO  [main] de.fraunhofer.iem.umbrella.jimple.parseclassfile.JimpleParseEngine: exception while parsing javax.servlet.ServletRequest - creating phantom class
11:50:21.690 [0.1/8.0G] INFO  [main] de.fraunhofer.iem.umbrella.jimple.parseclassfile.JimpleParseEngine: exception while parsing javax.servlet.jsp.PageContext - creating phantom class
11:50:21.691 [0.1/8.0G] INFO  [main] de.fraunhofer.iem.umbrella.jimple.parseclassfile.JimpleParseEngine: exception while parsing javax.servlet.jsp.tagext.BodyTagSupport - creating phantom class
11:50:21.691 [0.1/8.0G] INFO  [main] de.fraunhofer.iem.umbrella.jimple.parseclassfile.JimpleParseEngine: exception while parsing javax.servlet.jsp.tagext.DynamicAttributes - creating phantom class
11:50:21.691 [0.1/8.0G] INFO  [main] de.fraunhofer.iem.umbrella.jimple.parseclassfile.JimpleParseEngine: exception while parsing javax.servlet.jsp.JspException - creating phantom class
11:50:21.692 [0.1/8.0G] INFO  [main] de.fraunhofer.iem.umbrella.jimple.parseclassfile.JimpleParseEngine: exception while parsing javax.servlet.jsp.JspWriter - creating phantom class
11:50:21.693 [0.1/8.0G] INFO  [main] de.fraunhofer.iem.umbrella.jimple.parseclassfile.JimpleParseEngine: exception while parsing javax.servlet.http.HttpServletResponse - creating phantom class
11:50:21.693 [0.1/8.0G] INFO  [main] de.fraunhofer.iem.umbrella.jimple.parseclassfile.JimpleParseEngine: exception while parsing javax.servlet.ServletResponse - creating phantom class
11:50:21.696 [0.1/8.0G] INFO  [main] de.fraunhofer.iem.umbrella.jimple.parseclassfile.JimpleParseEngine: exception while parsing org.jadira.cdt.country.ISOCountryCode - creating phantom class
11:50:21.699 [0.1/8.0G] INFO  [main] de.fraunhofer.iem.umbrella.jimple.parseclassfile.JimpleParseEngine: exception while parsing javax.servlet.jsp.tagext.VariableInfo - creating phantom class
11:50:21.699 [0.1/8.0G] INFO  [main] de.fraunhofer.iem.umbrella.jimple.parseclassfile.JimpleParseEngine: exception while parsing javax.servlet.jsp.tagext.TagExtraInfo - creating phantom class
11:50:21.699 [0.1/8.0G] INFO  [main] de.fraunhofer.iem.umbrella.jimple.parseclassfile.JimpleParseEngine: exception while parsing javax.servlet.jsp.tagext.TagData - creating phantom class
11:50:21.699 [0.1/8.0G] INFO  [main] de.fraunhofer.iem.umbrella.jimple.parseclassfile.JimpleParseEngine: exception while parsing javax.xml.bind.annotation.XmlRootElement - creating phantom class
11:50:21.700 [0.1/8.0G] INFO  [main] de.fraunhofer.iem.umbrella.jimple.parseclassfile.JimpleParseEngine: exception while parsing javax.xml.bind.annotation.XmlElement - creating phantom class
11:50:21.704 [0.1/8.0G] INFO  [main] de.fraunhofer.iem.umbrella.jimple.parseclassfile.JimpleParseEngine: exception while parsing javax.servlet.ServletException - creating phantom class
11:50:21.704 [0.1/8.0G] INFO  [main] de.fraunhofer.iem.umbrella.jimple.parseclassfile.JimpleParseEngine: exception while parsing javax.servlet.jsp.tagext.TagAdapter - creating phantom class
11:50:21.704 [0.1/8.0G] INFO  [main] de.fraunhofer.iem.umbrella.jimple.parseclassfile.JimpleParseEngine: exception while parsing javax.servlet.jsp.tagext.JspFragment - creating phantom class
11:50:21.704 [0.1/8.0G] INFO  [main] de.fraunhofer.iem.umbrella.jimple.parseclassfile.JimpleParseEngine: exception while parsing org.apache.jasper.runtime.JspSourceImports - creating phantom class
11:50:21.704 [0.1/8.0G] INFO  [main] de.fraunhofer.iem.umbrella.jimple.parseclassfile.JimpleParseEngine: exception while parsing javax.servlet.jsp.tagext.Tag - creating phantom class
11:50:21.704 [0.1/8.0G] INFO  [main] de.fraunhofer.iem.umbrella.jimple.parseclassfile.JimpleParseEngine: exception while parsing javax.servlet.ServletConfig - creating phantom class
11:50:21.704 [0.1/8.0G] INFO  [main] de.fraunhofer.iem.umbrella.jimple.parseclassfile.JimpleParseEngine: exception while parsing org.apache.jasper.runtime.TagHandlerPool - creating phantom class
11:50:21.705 [0.1/8.0G] INFO  [main] de.fraunhofer.iem.umbrella.jimple.parseclassfile.JimpleParseEngine: exception while parsing javax.servlet.Servlet - creating phantom class
11:50:21.705 [0.1/8.0G] INFO  [main] de.fraunhofer.iem.umbrella.jimple.parseclassfile.JimpleParseEngine: exception while parsing javax.servlet.jsp.JspFactory - creating phantom class
11:50:21.705 [0.1/8.0G] INFO  [main] de.fraunhofer.iem.umbrella.jimple.parseclassfile.JimpleParseEngine: exception while parsing org.apache.jasper.runtime.HttpJspBase - creating phantom class
11:50:21.705 [0.1/8.0G] INFO  [main] de.fraunhofer.iem.umbrella.jimple.parseclassfile.JimpleParseEngine: exception while parsing javax.servlet.jsp.JspApplicationContext - creating phantom class
11:50:21.705 [0.1/8.0G] INFO  [main] de.fraunhofer.iem.umbrella.jimple.parseclassfile.JimpleParseEngine: exception while parsing javax.servlet.jsp.tagext.JspTag - creating phantom class
11:50:21.705 [0.1/8.0G] INFO  [main] de.fraunhofer.iem.umbrella.jimple.parseclassfile.JimpleParseEngine: exception while parsing org.apache.jasper.runtime.JspSourceDependent - creating phantom class
11:50:21.706 [0.1/8.0G] INFO  [main] de.fraunhofer.iem.umbrella.jimple.parseclassfile.JimpleParseEngine: exception while parsing javax.el.ExpressionFactory - creating phantom class
11:50:21.706 [0.1/8.0G] INFO  [main] de.fraunhofer.iem.umbrella.jimple.parseclassfile.JimpleParseEngine: exception while parsing org.apache.jasper.el.JspValueExpression - creating phantom class
11:50:21.706 [0.1/8.0G] INFO  [main] de.fraunhofer.iem.umbrella.jimple.parseclassfile.JimpleParseEngine: exception while parsing org.apache.jasper.runtime.PageContextImpl - creating phantom class
11:50:21.707 [0.1/8.0G] INFO  [main] de.fraunhofer.iem.umbrella.jimple.parseclassfile.JimpleParseEngine: exception while parsing javax.servlet.jsp.SkipPageException - creating phantom class
11:50:21.707 [0.1/8.0G] INFO  [main] de.fraunhofer.iem.umbrella.jimple.parseclassfile.JimpleParseEngine: exception while parsing javax.servlet.jsp.JspContext - creating phantom class
11:50:21.707 [0.1/8.0G] INFO  [main] de.fraunhofer.iem.umbrella.jimple.parseclassfile.JimpleParseEngine: exception while parsing org.apache.tomcat.InstanceManager - creating phantom class
11:50:21.707 [0.1/8.0G] INFO  [main] de.fraunhofer.iem.umbrella.jimple.parseclassfile.JimpleParseEngine: exception while parsing org.apache.jasper.runtime.ProtectedFunctionMapper - creating phantom class
11:50:21.708 [0.1/8.0G] INFO  [main] de.fraunhofer.iem.umbrella.jimple.parseclassfile.JimpleParseEngine: exception while parsing org.apache.jasper.runtime.JspRuntimeLibrary - creating phantom class
11:50:21.708 [0.1/8.0G] INFO  [main] de.fraunhofer.iem.umbrella.jimple.parseclassfile.JimpleParseEngine: exception while parsing javax.el.ValueExpression - creating phantom class
11:50:21.708 [0.1/8.0G] INFO  [main] de.fraunhofer.iem.umbrella.jimple.parseclassfile.JimpleParseEngine: exception while parsing javax.servlet.DispatcherType - creating phantom class
11:50:21.708 [0.1/8.0G] INFO  [main] de.fraunhofer.iem.umbrella.jimple.parseclassfile.JimpleParseEngine: exception while parsing javax.servlet.ServletContext - creating phantom class
11:50:21.708 [0.1/8.0G] INFO  [main] de.fraunhofer.iem.umbrella.jimple.parseclassfile.JimpleParseEngine: exception while parsing javax.el.ELContext - creating phantom class
11:50:21.708 [0.1/8.0G] INFO  [main] de.fraunhofer.iem.umbrella.jimple.parseclassfile.JimpleParseEngine: exception while parsing org.apache.jasper.runtime.InstanceManagerFactory - creating phantom class
11:50:21.709 [0.1/8.0G] INFO  [main] de.fraunhofer.iem.umbrella.jimple.parseclassfile.JimpleParseEngine: exception while parsing javax.servlet.jsp.tagext.SimpleTag - creating phantom class
11:50:21.718 [0.1/8.0G] INFO  [main] de.fraunhofer.iem.umbrella.jimple.parseclassfile.JimpleParseEngine: exception while parsing javax.servlet.FilterConfig - creating phantom class
11:50:21.724 [0.1/8.0G] INFO  [main] de.fraunhofer.iem.umbrella.jimple.parseclassfile.JimpleParseEngine: exception while parsing org.apache.jasper.runtime.JspFragmentHelper - creating phantom class
11:50:21.731 [0.1/8.0G] INFO  [main] de.fraunhofer.iem.umbrella.jimple.parseclassfile.JimpleParseEngine: exception while parsing javax.servlet.jsp.tagext.SimpleTagSupport - creating phantom class
11:50:21.731 [0.1/8.0G] INFO  [main] de.fraunhofer.iem.umbrella.jimple.parseclassfile.JimpleParseEngine: exception while parsing javax.servlet.http.HttpSession - creating phantom class
11:50:21.731 [0.1/8.0G] INFO  [main] de.fraunhofer.iem.umbrella.jimple.parseclassfile.JimpleParseEngine: exception while parsing org.apache.jasper.runtime.JspContextWrapper - creating phantom class
11:50:21.731 [0.1/8.0G] INFO  [main] de.fraunhofer.iem.umbrella.jimple.parseclassfile.JimpleParseEngine: exception while parsing javax.servlet.jsp.tagext.BodyContent - creating phantom class
11:50:21.732 [0.1/8.0G] INFO  [main] de.fraunhofer.iem.umbrella.jimple.parseclassfile.JimpleParseEngine: exception while parsing javax.servlet.FilterChain - creating phantom class
11:50:21.732 [0.1/8.0G] INFO  [main] de.fraunhofer.iem.umbrella.jimple.parseclassfile.JimpleParseEngine: exception while parsing javax.servlet.ServletOutputStream - creating phantom class
11:50:21.732 [0.1/8.0G] INFO  [main] de.fraunhofer.iem.umbrella.jimple.parseclassfile.JimpleParseEngine: exception while parsing javax.servlet.Filter - creating phantom class
11:50:21.738 [0.1/8.0G] INFO  [main] de.fraunhofer.iem.umbrella.jimple.parseclassfile.JimpleParseEngine: exception while parsing org.joda.money.Money - creating phantom class
11:50:21.743 [0.1/8.0G] INFO  [main] de.fraunhofer.iem.umbrella.jimple.parseclassfile.JimpleParseEngine: exception while parsing javax.servlet.jsp.tagext.BodyTag - creating phantom class
11:50:21.746 [0.1/8.0G] INFO  [main] de.fraunhofer.iem.umbrella.jimple.parseclassfile.JimpleParseEngine: exception while parsing javax.servlet.http.HttpServletResponseWrapper - creating phantom class
11:50:21.789 [0.1/8.0G] INFO  [main] de.fraunhofer.iem.umbrella.jimple.parseclassfile.JimpleParseEngine: exception while parsing javax.servlet.http.HttpServlet - creating phantom class
11:50:21.793 [0.1/8.0G] INFO  [main] de.fraunhofer.iem.umbrella.jimple.parseclassfile.JimpleParseEngine: exception while parsing org.joda.money.BigMoneyProvider - creating phantom class
11:50:21.797 [0.1/8.0G] INFO  [main] de.fraunhofer.iem.umbrella.jimple.parseclassfile.JimpleParseEngine: exception while parsing javax.annotation.PostConstruct - creating phantom class
11:50:21.797 [0.1/8.0G] INFO  [main] de.fraunhofer.iem.umbrella.jimple.parseclassfile.JimpleParseEngine: exception while parsing android.util.Log - creating phantom class
11:50:21.799 [0.1/8.0G] INFO  [main] de.fraunhofer.iem.umbrella.jimple.parseclassfile.JimpleParseEngine: exception while parsing org.codehaus.plexus.logging.AbstractLogEnabled - creating phantom class
11:50:21.801 [0.1/8.0G] INFO  [main] de.fraunhofer.iem.umbrella.jimple.parseclassfile.JimpleParseEngine: exception while parsing org.jadira.bindings.core.api.Binding - creating phantom class
11:50:21.801 [0.1/8.0G] INFO  [main] de.fraunhofer.iem.umbrella.jimple.parseclassfile.JimpleParseEngine: exception while parsing org.jadira.bindings.core.binder.BasicBinder - creating phantom class
11:50:21.810 [0.1/8.0G] INFO  [main] de.fraunhofer.iem.umbrella.jimple.parseclassfile.JimpleParseEngine: exception while parsing org.jadira.cdt.phonenumber.impl.E164PhoneNumberWithExtension - creating phantom class
11:50:21.818 [0.1/8.0G] INFO  [main] de.fraunhofer.iem.umbrella.jimple.parseclassfile.JimpleParseEngine: exception while parsing javax.servlet.ServletRegistration$Dynamic - creating phantom class
11:50:21.819 [0.1/8.0G] INFO  [main] de.fraunhofer.iem.umbrella.jimple.parseclassfile.JimpleParseEngine: exception while parsing javax.servlet.FilterRegistration$Dynamic - creating phantom class
11:50:21.846 [0.1/8.0G] INFO  [main] de.fraunhofer.iem.umbrella.jimple.parseclassfile.JimpleParseEngine: exception while parsing org.joda.convert.ToString - creating phantom class
11:50:21.846 [0.1/8.0G] INFO  [main] de.fraunhofer.iem.umbrella.jimple.parseclassfile.JimpleParseEngine: exception while parsing org.joda.convert.FromString - creating phantom class
11:50:21.890 [0.1/8.0G] INFO  [main] de.fraunhofer.iem.umbrella.jimple.parseclassfile.JimpleParseEngine: exception while parsing javax.servlet.jsp.tagext.IterationTag - creating phantom class
11:50:22.005 [0.2/8.0G] INFO  [main] de.fraunhofer.iem.umbrella.jimple.parseclassfile.JimpleParseEngine: exception while parsing com.ibm.wsspi.uow.UOWManager - creating phantom class
11:50:22.139 [0.2/8.0G] INFO  [main] de.fraunhofer.iem.umbrella.jimple.parseclassfile.JimpleParseEngine: exception while parsing org.jaxen.VariableContext - creating phantom class
11:50:22.139 [0.2/8.0G] INFO  [main] de.fraunhofer.iem.umbrella.jimple.parseclassfile.JimpleParseEngine: exception while parsing org.jaxen.NamespaceContext - creating phantom class
11:50:22.139 [0.2/8.0G] INFO  [main] de.fraunhofer.iem.umbrella.jimple.parseclassfile.JimpleParseEngine: exception while parsing org.jaxen.FunctionContext - creating phantom class
11:50:22.211 [0.2/8.0G] INFO  [main] de.fraunhofer.iem.umbrella.jimple.parseclassfile.JimpleParseEngine: exception while parsing javax.servlet.jsp.tagext.TryCatchFinally - creating phantom class
11:50:22.284 [0.2/8.0G] INFO  [main] de.fraunhofer.iem.umbrella.jimple.parseclassfile.JimpleParseEngine: exception while parsing org.bouncycastle.asn1.ASN1Sequence - creating phantom class
11:50:22.284 [0.2/8.0G] INFO  [main] de.fraunhofer.iem.umbrella.jimple.parseclassfile.JimpleParseEngine: exception while parsing org.bouncycastle.asn1.ASN1EncodableVector - creating phantom class
11:50:22.285 [0.2/8.0G] INFO  [main] de.fraunhofer.iem.umbrella.jimple.parseclassfile.JimpleParseEngine: exception while parsing org.bouncycastle.cert.ocsp.BasicOCSPResp - creating phantom class
11:50:22.285 [0.2/8.0G] INFO  [main] de.fraunhofer.iem.umbrella.jimple.parseclassfile.JimpleParseEngine: exception while parsing org.bouncycastle.asn1.DERSet - creating phantom class
11:50:22.285 [0.2/8.0G] INFO  [main] de.fraunhofer.iem.umbrella.jimple.parseclassfile.JimpleParseEngine: exception while parsing org.bouncycastle.tsp.TimeStampToken - creating phantom class
11:50:22.460 [0.3/8.0G] INFO  [main] de.fraunhofer.iem.umbrella.jimple.parseclassfile.JimpleClassParser: parsing completed: 997 application classes, 4228 total
11:50:22.555 [0.3/8.0G] INFO  [main] contrast.umbrella.cli.DiagnosticPipelineListener: Jimple transformation done: InlineLiteralsTransformation
11:50:22.602 [0.3/8.0G] INFO  [main] contrast.umbrella.cli.DiagnosticPipelineListener: Jimple transformation done: ArraySensitivityTransformation
11:50:22.720 [0.1/8.0G] INFO  [main] contrast.umbrella.cli.DiagnosticPipelineListener: Jimple transformation done: DeLambdaTransformation
11:50:22.791 [0.1/8.0G] INFO  [main] contrast.umbrella.cli.DiagnosticPipelineListener: Jimple transformation done: DeThreadLocalTransformation
11:50:22.855 [0.1/8.0G] INFO  [main] contrast.umbrella.cli.DiagnosticPipelineListener: Jimple transformation done: KeepOriginalVariableNamesTransformation
11:50:23.067 [0.1/8.0G] INFO  [main] contrast.umbrella.cli.DiagnosticPipelineListener: Jimple transformation done: CutOutAliasTransformation
11:50:23.280 [0.1/8.0G] INFO  [main] contrast.umbrella.cli.DiagnosticPipelineListener: Jimple transformation done: RemoveUnusedVariableAssignmentTransformation
11:50:23.321 [0.1/8.0G] INFO  [main] contrast.umbrella.cli.DiagnosticPipelineListener: Jimple transformation done: MapSensitivityTransformation
11:50:23.388 [0.1/8.0G] INFO  [main] contrast.umbrella.cli.DiagnosticPipelineListener: Jimple transformation done: SpringModelTransformation
11:50:23.442 [0.2/8.0G] INFO  [main] contrast.umbrella.cli.DiagnosticPipelineListener: Jimple transformation done: SpringModelAndViewTransformation
11:50:23.480 [0.2/8.0G] INFO  [main] contrast.umbrella.cli.DiagnosticPipelineListener: Jimple transformation done: NormalizeStatementsTransformation
11:50:23.518 [0.2/8.0G] INFO  [main] contrast.umbrella.cli.DiagnosticPipelineListener: Jimple transformation done: ResolveStaticFields
11:50:24.162 [0.3/8.0G] INFO  [main] contrast.umbrella.cli.DiagnosticPipelineListener: Jimple transformation done: KillUnusedVariableTransformation
11:50:24.468 [0.1/8.0G] INFO  [main] contrast.umbrella.cli.DiagnosticPipelineListener: Jimple transformation done: UnsetUnusedVariablesTransformation
11:50:24.478 [0.1/8.0G] INFO  [main] contrast.umbrella.cli.DiagnosticPipelineListener: dataflow analysis classes: 1002, type resolution classes: 3130, phantoms: 101
11:50:24.485 [0.1/8.0G] INFO  [main] contrast.umbrella.cli.DiagnosticPipelineListener: 53826 methods
11:50:24.485 [0.1/8.0G] INFO  [main] contrast.umbrella.cli.DiagnosticPipelineListener: 6554 methods with bodies
11:50:26.399 [0.3/8.0G] INFO  [main] contrast.umbrella.cli.DiagnosticPipelineListener: Preparation complete
11:50:26.672 [0.2/8.0G] INFO  [main] de.fraunhofer.iem.umbrella.java.UmbrellaJavaPipeline: Found 36 entry points
11:50:26.725 [0.2/8.0G] INFO  [main] contrast.umbrella.cli.SarifGeneratingPipelineListener: [1] discovered entrypoint: /WEB-INF/jsp/owners/ownerDetails.jsp
11:50:26.726 [0.2/8.0G] INFO  [main] contrast.umbrella.cli.SarifGeneratingPipelineListener: [2] discovered entrypoint: org.apache.jsp.tag.web.pivotal_tag.doTag()
11:50:26.726 [0.2/8.0G] INFO  [main] contrast.umbrella.cli.SarifGeneratingPipelineListener: [3] discovered entrypoint: org.apache.jsp.tag.web.selectField_tag.doTag()
11:50:26.726 [0.2/8.0G] INFO  [main] contrast.umbrella.cli.SarifGeneratingPipelineListener: [4] discovered entrypoint: /WEB-INF/jsp/pets/createOrUpdateVisitForm.jsp
11:50:26.726 [0.2/8.0G] INFO  [main] contrast.umbrella.cli.SarifGeneratingPipelineListener: [5] discovered entrypoint: org.apache.jsp.tag.web.inputField_tag.doTag()
11:50:26.726 [0.2/8.0G] INFO  [main] contrast.umbrella.cli.SarifGeneratingPipelineListener: [6] discovered entrypoint: org.apache.jsp.tag.web.htmlHeader_tag.doTag()
11:50:26.726 [0.2/8.0G] INFO  [main] contrast.umbrella.cli.SarifGeneratingPipelineListener: [7] discovered entrypoint: /WEB-INF/jsp/exception.jsp
11:50:26.726 [0.2/8.0G] INFO  [main] contrast.umbrella.cli.SarifGeneratingPipelineListener: [8] discovered entrypoint: /WEB-INF/jsp/owners/findOwners.jsp
11:50:26.726 [0.2/8.0G] INFO  [main] contrast.umbrella.cli.SarifGeneratingPipelineListener: [9] discovered entrypoint: org.apache.jsp.tag.web.menu_tag.doTag()
11:50:26.726 [0.2/8.0G] INFO  [main] contrast.umbrella.cli.SarifGeneratingPipelineListener: [10] discovered entrypoint: /WEB-INF/jsp/vets/vetList.jsp
11:50:26.726 [0.2/8.0G] INFO  [main] contrast.umbrella.cli.SarifGeneratingPipelineListener: [11] discovered entrypoint: org.apache.jsp.tag.web.menuItem_tag.doTag()
11:50:26.726 [0.2/8.0G] INFO  [main] contrast.umbrella.cli.SarifGeneratingPipelineListener: [12] discovered entrypoint: org.apache.jsp.tag.web.bodyHeader_tag.doTag()
11:50:26.734 [0.2/8.0G] INFO  [main] contrast.umbrella.cli.SarifGeneratingPipelineListener: [13] discovered entrypoint: com.github.dandelion.core.web.DandelionServlet.doGet(javax.servlet.http.HttpServletRequest,javax.servlet.http.HttpServletResponse)
11:50:26.734 [0.2/8.0G] INFO  [main] contrast.umbrella.cli.SarifGeneratingPipelineListener: [14] discovered entrypoint: org.apache.jsp.tag.web.footer_tag.doTag()
11:50:26.734 [0.2/8.0G] INFO  [main] contrast.umbrella.cli.SarifGeneratingPipelineListener: [15] discovered entrypoint: org.apache.jsp.tag.web.layout_tag.doTag()
11:50:26.734 [0.2/8.0G] INFO  [main] contrast.umbrella.cli.SarifGeneratingPipelineListener: [16] discovered entrypoint: org.springframework.samples.petclinic.web.PetController.initCreationForm(org.springframework.samples.petclinic.model.Owner,org.springframework.ui.ModelMap)
11:50:26.734 [0.2/8.0G] INFO  [main] contrast.umbrella.cli.SarifGeneratingPipelineListener: [17] discovered entrypoint: org.springframework.samples.petclinic.web.PetController.processCreationForm(org.springframework.samples.petclinic.model.Owner,org.springframework.samples.petclinic.model.Pet,org.springframework.validation.BindingResult,org.springframework.ui.ModelMap)
11:50:26.734 [0.2/8.0G] INFO  [main] contrast.umbrella.cli.SarifGeneratingPipelineListener: [18] discovered entrypoint: org.springframework.samples.petclinic.web.PetController.initUpdateForm(int,org.springframework.ui.ModelMap)
11:50:26.734 [0.2/8.0G] INFO  [main] contrast.umbrella.cli.SarifGeneratingPipelineListener: [19] discovered entrypoint: org.springframework.samples.petclinic.web.PetController.processUpdateForm(org.springframework.samples.petclinic.model.Pet,org.springframework.validation.BindingResult,org.springframework.samples.petclinic.model.Owner,org.springframework.ui.ModelMap)
11:50:26.734 [0.2/8.0G] INFO  [main] contrast.umbrella.cli.SarifGeneratingPipelineListener: [20] discovered entrypoint: org.springframework.samples.petclinic.web.CrashController.triggerException()
11:50:26.734 [0.2/8.0G] INFO  [main] contrast.umbrella.cli.SarifGeneratingPipelineListener: [21] discovered entrypoint: /WEB-INF/jsp/owners/ownersList.jsp
11:50:26.734 [0.2/8.0G] INFO  [main] contrast.umbrella.cli.SarifGeneratingPipelineListener: [22] discovered entrypoint: /WEB-INF/jsp/pets/createOrUpdatePetForm.jsp
11:50:26.734 [0.2/8.0G] INFO  [main] contrast.umbrella.cli.SarifGeneratingPipelineListener: [23] discovered entrypoint: org.springframework.samples.petclinic.web.VisitController.initNewVisitForm(int,java.util.Map)
11:50:26.735 [0.2/8.0G] INFO  [main] contrast.umbrella.cli.SarifGeneratingPipelineListener: [24] discovered entrypoint: org.springframework.samples.petclinic.web.VisitController.processNewVisitForm(org.springframework.samples.petclinic.model.Visit,org.springframework.validation.BindingResult)
11:50:26.735 [0.2/8.0G] INFO  [main] contrast.umbrella.cli.SarifGeneratingPipelineListener: [25] discovered entrypoint: org.springframework.samples.petclinic.web.VisitController.showVisits(int,java.util.Map)
11:50:26.735 [0.2/8.0G] INFO  [main] contrast.umbrella.cli.SarifGeneratingPipelineListener: [26] discovered entrypoint: org.springframework.samples.petclinic.web.OwnerController.initCreationForm(java.util.Map)
11:50:26.735 [0.2/8.0G] INFO  [main] contrast.umbrella.cli.SarifGeneratingPipelineListener: [27] discovered entrypoint: org.springframework.samples.petclinic.web.OwnerController.processCreationForm(org.springframework.samples.petclinic.model.Owner,org.springframework.validation.BindingResult)
11:50:26.735 [0.2/8.0G] INFO  [main] contrast.umbrella.cli.SarifGeneratingPipelineListener: [28] discovered entrypoint: org.springframework.samples.petclinic.web.OwnerController.initFindForm(java.util.Map)
11:50:26.735 [0.2/8.0G] INFO  [main] contrast.umbrella.cli.SarifGeneratingPipelineListener: [29] discovered entrypoint: org.springframework.samples.petclinic.web.OwnerController.processFindForm(org.springframework.samples.petclinic.model.Owner,org.springframework.validation.BindingResult,java.util.Map)
11:50:26.735 [0.2/8.0G] INFO  [main] contrast.umbrella.cli.SarifGeneratingPipelineListener: [30] discovered entrypoint: org.springframework.samples.petclinic.web.OwnerController.initUpdateOwnerForm(int,org.springframework.ui.Model)
11:50:26.735 [0.2/8.0G] INFO  [main] contrast.umbrella.cli.SarifGeneratingPipelineListener: [31] discovered entrypoint: org.springframework.samples.petclinic.web.OwnerController.processUpdateOwnerForm(org.springframework.samples.petclinic.model.Owner,org.springframework.validation.BindingResult,int)
11:50:26.735 [0.2/8.0G] INFO  [main] contrast.umbrella.cli.SarifGeneratingPipelineListener: [32] discovered entrypoint: org.springframework.samples.petclinic.web.OwnerController.showOwner(int)
11:50:26.735 [0.2/8.0G] INFO  [main] contrast.umbrella.cli.SarifGeneratingPipelineListener: [33] discovered entrypoint: /WEB-INF/jsp/welcome.jsp
11:50:26.735 [0.2/8.0G] INFO  [main] contrast.umbrella.cli.SarifGeneratingPipelineListener: [34] discovered entrypoint: /WEB-INF/jsp/owners/createOrUpdateOwnerForm.jsp
11:50:26.735 [0.2/8.0G] INFO  [main] contrast.umbrella.cli.SarifGeneratingPipelineListener: [35] discovered entrypoint: org.springframework.samples.petclinic.web.VetController.showVetList(java.util.Map)
11:50:26.735 [0.2/8.0G] INFO  [main] contrast.umbrella.cli.SarifGeneratingPipelineListener: [36] discovered entrypoint: org.springframework.samples.petclinic.web.VetController.showResourcesVetList()
11:50:26.789 [0.2/8.0G] INFO  [main] contrast.umbrella.cli.DiagnosticPipelineListener: found 36 entrypoints
11:50:26.866 [0.2/8.0G] INFO  [main] de.fraunhofer.iem.umbrella.java.UmbrellaJavaPipeline: Starting at entry-point <org.apache.jsp.WEB_002dINF.jsp.owners.ownerDetails_jsp: void _jspService(javax.servlet.http.HttpServletRequest, javax.servlet.http.HttpServletResponse)>
11:50:27.049 [0.3/8.0G] INFO  [main] contrast.umbrella.cli.DiagnosticPipelineListener: completed 1 of 36 entrypoints (complete). /WEB-INF/jsp/owners/ownerDetails.jsp
11:50:27.050 [0.3/8.0G] INFO  [main] de.fraunhofer.iem.umbrella.java.UmbrellaJavaPipeline: Starting at entry-point <org.apache.jsp.tag.web.pivotal_tag: void doTag()>
11:50:27.052 [0.3/8.0G] INFO  [main] contrast.umbrella.cli.DiagnosticPipelineListener: completed 2 of 36 entrypoints (complete). org.apache.jsp.tag.web.pivotal_tag.doTag()
11:50:27.053 [0.3/8.0G] INFO  [main] de.fraunhofer.iem.umbrella.java.UmbrellaJavaPipeline: Starting at entry-point <org.apache.jsp.tag.web.selectField_tag: void doTag()>
11:50:27.073 [0.3/8.0G] INFO  [main] contrast.umbrella.cli.DiagnosticPipelineListener: completed 3 of 36 entrypoints (complete). org.apache.jsp.tag.web.selectField_tag.doTag()
11:50:27.096 [0.3/8.0G] INFO  [main] de.fraunhofer.iem.umbrella.java.UmbrellaJavaPipeline: Starting at entry-point <org.apache.jsp.WEB_002dINF.jsp.pets.createOrUpdateVisitForm_jsp: void _jspService(javax.servlet.http.HttpServletRequest, javax.servlet.http.HttpServletResponse)>
11:50:27.189 [0.3/8.0G] INFO  [main] contrast.umbrella.cli.DiagnosticPipelineListener: completed 4 of 36 entrypoints (complete). /WEB-INF/jsp/pets/createOrUpdateVisitForm.jsp
11:50:27.189 [0.3/8.0G] INFO  [main] de.fraunhofer.iem.umbrella.java.UmbrellaJavaPipeline: Starting at entry-point <org.apache.jsp.tag.web.inputField_tag: void doTag()>
11:50:27.205 [0.3/8.0G] INFO  [main] contrast.umbrella.cli.DiagnosticPipelineListener: completed 5 of 36 entrypoints (complete). org.apache.jsp.tag.web.inputField_tag.doTag()
11:50:27.205 [0.3/8.0G] INFO  [main] de.fraunhofer.iem.umbrella.java.UmbrellaJavaPipeline: Starting at entry-point <org.apache.jsp.tag.web.htmlHeader_tag: void doTag()>
11:50:27.213 [0.3/8.0G] INFO  [main] contrast.umbrella.cli.DiagnosticPipelineListener: completed 6 of 36 entrypoints (complete). org.apache.jsp.tag.web.htmlHeader_tag.doTag()
11:50:27.234 [0.4/8.0G] INFO  [main] de.fraunhofer.iem.umbrella.java.UmbrellaJavaPipeline: Starting at entry-point <org.apache.jsp.WEB_002dINF.jsp.exception_jsp: void _jspService(javax.servlet.http.HttpServletRequest, javax.servlet.http.HttpServletResponse)>
11:50:27.310 [0.4/8.0G] INFO  [main] contrast.umbrella.cli.DiagnosticPipelineListener: completed 7 of 36 entrypoints (complete). /WEB-INF/jsp/exception.jsp
11:50:27.330 [0.4/8.0G] INFO  [main] de.fraunhofer.iem.umbrella.java.UmbrellaJavaPipeline: Starting at entry-point <org.apache.jsp.WEB_002dINF.jsp.owners.findOwners_jsp: void _jspService(javax.servlet.http.HttpServletRequest, javax.servlet.http.HttpServletResponse)>
11:50:27.405 [0.4/8.0G] INFO  [main] contrast.umbrella.cli.DiagnosticPipelineListener: completed 8 of 36 entrypoints (complete). /WEB-INF/jsp/owners/findOwners.jsp
11:50:27.405 [0.4/8.0G] INFO  [main] de.fraunhofer.iem.umbrella.java.UmbrellaJavaPipeline: Starting at entry-point <org.apache.jsp.tag.web.menu_tag: void doTag()>
11:50:27.466 [0.5/8.0G] INFO  [main] contrast.umbrella.cli.DiagnosticPipelineListener: completed 9 of 36 entrypoints (complete). org.apache.jsp.tag.web.menu_tag.doTag()
11:50:27.519 [0.2/8.0G] INFO  [main] de.fraunhofer.iem.umbrella.java.UmbrellaJavaPipeline: Starting at entry-point <org.apache.jsp.WEB_002dINF.jsp.vets.vetList_jsp: void _jspService(javax.servlet.http.HttpServletRequest, javax.servlet.http.HttpServletResponse)>
11:50:27.605 [0.2/8.0G] INFO  [main] contrast.umbrella.cli.DiagnosticPipelineListener: completed 10 of 36 entrypoints (complete). /WEB-INF/jsp/vets/vetList.jsp
11:50:27.606 [0.2/8.0G] INFO  [main] de.fraunhofer.iem.umbrella.java.UmbrellaJavaPipeline: Starting at entry-point <org.apache.jsp.tag.web.menuItem_tag: void doTag()>
11:50:27.617 [0.2/8.0G] INFO  [main] contrast.umbrella.cli.DiagnosticPipelineListener: completed 11 of 36 entrypoints (complete). org.apache.jsp.tag.web.menuItem_tag.doTag()
11:50:27.617 [0.2/8.0G] INFO  [main] de.fraunhofer.iem.umbrella.java.UmbrellaJavaPipeline: Starting at entry-point <org.apache.jsp.tag.web.bodyHeader_tag: void doTag()>
11:50:27.658 [0.2/8.0G] INFO  [main] contrast.umbrella.cli.DiagnosticPipelineListener: completed 12 of 36 entrypoints (complete). org.apache.jsp.tag.web.bodyHeader_tag.doTag()
11:50:27.658 [0.2/8.0G] INFO  [main] de.fraunhofer.iem.umbrella.java.UmbrellaJavaPipeline: Starting at entry-point <com.github.dandelion.core.web.DandelionServlet: void doGet(javax.servlet.http.HttpServletRequest, javax.servlet.http.HttpServletResponse)>
11:50:27.663 [0.2/8.0G] INFO  [main] contrast.umbrella.cli.DiagnosticPipelineListener: found tainted flow writer = response.getWriter();    // Java line 80 --> writer.write($stack1);    // Java line 81
11:50:27.663 [0.2/8.0G] INFO  [main] contrast.umbrella.cli.DiagnosticPipelineListener: found tainted flow writer = response.getWriter();    // Java line 80 --> writer.write($stack1);    // Java line 81
11:50:27.664 [0.2/8.0G] INFO  [main] contrast.umbrella.cli.DiagnosticPipelineListener: found tainted flow writer = response.getWriter();    // Java line 80 --> writer.write($stack1);    // Java line 81
11:50:27.664 [0.2/8.0G] INFO  [main] contrast.umbrella.cli.DiagnosticPipelineListener: found tainted flow writer = response.getWriter();    // Java line 80 --> writer.write($stack1);    // Java line 81
11:50:27.669 [0.2/8.0G] INFO  [main] contrast.umbrella.cli.DiagnosticPipelineListener: found tainted flow writer = response.getWriter();    // Java line 80 --> writer.write($stack1);    // Java line 81
11:50:27.669 [0.2/8.0G] INFO  [main] contrast.umbrella.cli.DiagnosticPipelineListener: found tainted flow writer = response.getWriter();    // Java line 80 --> writer.write($stack1);    // Java line 81
11:50:27.677 [0.2/8.0G] INFO  [main] contrast.umbrella.cli.DiagnosticPipelineListener: completed 13 of 36 entrypoints (complete). com.github.dandelion.core.web.DandelionServlet.doGet(javax.servlet.http.HttpServletRequest,javax.servlet.http.HttpServletResponse)
11:50:27.677 [0.2/8.0G] INFO  [main] de.fraunhofer.iem.umbrella.java.UmbrellaJavaPipeline: Starting at entry-point <org.apache.jsp.tag.web.footer_tag: void doTag()>
11:50:27.689 [0.2/8.0G] INFO  [main] contrast.umbrella.cli.DiagnosticPipelineListener: completed 14 of 36 entrypoints (complete). org.apache.jsp.tag.web.footer_tag.doTag()
11:50:27.689 [0.2/8.0G] INFO  [main] de.fraunhofer.iem.umbrella.java.UmbrellaJavaPipeline: Starting at entry-point <org.apache.jsp.tag.web.layout_tag: void doTag()>
11:50:27.749 [0.3/8.0G] INFO  [main] contrast.umbrella.cli.DiagnosticPipelineListener: completed 15 of 36 entrypoints (complete). org.apache.jsp.tag.web.layout_tag.doTag()
11:50:27.776 [0.3/8.0G] INFO  [main] de.fraunhofer.iem.umbrella.java.UmbrellaJavaPipeline: Starting at entry-point <org.springframework.samples.petclinic.web.PetController: java.lang.String initCreationForm(org.springframework.samples.petclinic.model.Owner, org.springframework.ui.ModelMap)>
11:50:27.795 [0.3/8.0G] INFO  [main] contrast.umbrella.cli.DiagnosticPipelineListener: completed 16 of 36 entrypoints (complete). org.springframework.samples.petclinic.web.PetController.initCreationForm(org.springframework.samples.petclinic.model.Owner,org.springframework.ui.ModelMap)
11:50:27.823 [0.3/8.0G] INFO  [main] de.fraunhofer.iem.umbrella.java.UmbrellaJavaPipeline: Starting at entry-point <org.springframework.samples.petclinic.web.PetController: java.lang.String processCreationForm(org.springframework.samples.petclinic.model.Owner, org.springframework.samples.petclinic.model.Pet, org.springframework.validation.BindingResult, org.springframework.ui.ModelMap)>
11:50:28.838 [0.5/8.0G] INFO  [main] contrast.umbrella.cli.DiagnosticPipelineListener: completed 17 of 36 entrypoints (complete). org.springframework.samples.petclinic.web.PetController.processCreationForm(org.springframework.samples.petclinic.model.Owner,org.springframework.samples.petclinic.model.Pet,org.springframework.validation.BindingResult,org.springframework.ui.ModelMap)
11:50:28.863 [0.5/8.0G] INFO  [main] de.fraunhofer.iem.umbrella.java.UmbrellaJavaPipeline: Starting at entry-point <org.springframework.samples.petclinic.web.PetController: java.lang.String initUpdateForm(int, org.springframework.ui.ModelMap)>
11:50:28.893 [0.5/8.0G] INFO  [main] contrast.umbrella.cli.DiagnosticPipelineListener: completed 18 of 36 entrypoints (complete). org.springframework.samples.petclinic.web.PetController.initUpdateForm(int,org.springframework.ui.ModelMap)
11:50:28.932 [0.5/8.0G] INFO  [main] de.fraunhofer.iem.umbrella.java.UmbrellaJavaPipeline: Starting at entry-point <org.springframework.samples.petclinic.web.PetController: java.lang.String processUpdateForm(org.springframework.samples.petclinic.model.Pet, org.springframework.validation.BindingResult, org.springframework.samples.petclinic.model.Owner, org.springframework.ui.ModelMap)>
11:50:29.796 [0.4/8.0G] INFO  [main] contrast.umbrella.cli.DiagnosticPipelineListener: completed 19 of 36 entrypoints (complete). org.springframework.samples.petclinic.web.PetController.processUpdateForm(org.springframework.samples.petclinic.model.Pet,org.springframework.validation.BindingResult,org.springframework.samples.petclinic.model.Owner,org.springframework.ui.ModelMap)
11:50:29.822 [0.4/8.0G] INFO  [main] de.fraunhofer.iem.umbrella.java.UmbrellaJavaPipeline: Starting at entry-point <org.springframework.samples.petclinic.web.CrashController: java.lang.String triggerException()>
11:50:29.822 [0.4/8.0G] INFO  [main] contrast.umbrella.cli.DiagnosticPipelineListener: completed 20 of 36 entrypoints (complete). org.springframework.samples.petclinic.web.CrashController.triggerException()
11:50:29.847 [0.5/8.0G] INFO  [main] de.fraunhofer.iem.umbrella.java.UmbrellaJavaPipeline: Starting at entry-point <org.apache.jsp.WEB_002dINF.jsp.owners.ownersList_jsp: void _jspService(javax.servlet.http.HttpServletRequest, javax.servlet.http.HttpServletResponse)>
11:50:29.897 [0.5/8.0G] INFO  [main] contrast.umbrella.cli.DiagnosticPipelineListener: completed 21 of 36 entrypoints (complete). /WEB-INF/jsp/owners/ownersList.jsp
11:50:29.926 [0.5/8.0G] INFO  [main] de.fraunhofer.iem.umbrella.java.UmbrellaJavaPipeline: Starting at entry-point <org.apache.jsp.WEB_002dINF.jsp.pets.createOrUpdatePetForm_jsp: void _jspService(javax.servlet.http.HttpServletRequest, javax.servlet.http.HttpServletResponse)>
11:50:29.998 [0.5/8.0G] INFO  [main] contrast.umbrella.cli.DiagnosticPipelineListener: completed 22 of 36 entrypoints (complete). /WEB-INF/jsp/pets/createOrUpdatePetForm.jsp
11:50:30.022 [0.6/8.0G] INFO  [main] de.fraunhofer.iem.umbrella.java.UmbrellaJavaPipeline: Starting at entry-point <org.springframework.samples.petclinic.web.VisitController: java.lang.String initNewVisitForm(int, java.util.Map)>
11:50:30.022 [0.6/8.0G] INFO  [main] contrast.umbrella.cli.DiagnosticPipelineListener: completed 23 of 36 entrypoints (complete). org.springframework.samples.petclinic.web.VisitController.initNewVisitForm(int,java.util.Map)
11:50:30.047 [0.6/8.0G] INFO  [main] de.fraunhofer.iem.umbrella.java.UmbrellaJavaPipeline: Starting at entry-point <org.springframework.samples.petclinic.web.VisitController: java.lang.String processNewVisitForm(org.springframework.samples.petclinic.model.Visit, org.springframework.validation.BindingResult)>
11:50:30.073 [0.6/8.0G] INFO  [main] contrast.umbrella.cli.DiagnosticPipelineListener: completed 24 of 36 entrypoints (complete). org.springframework.samples.petclinic.web.VisitController.processNewVisitForm(org.springframework.samples.petclinic.model.Visit,org.springframework.validation.BindingResult)
11:50:30.105 [0.6/8.0G] INFO  [main] de.fraunhofer.iem.umbrella.java.UmbrellaJavaPipeline: Starting at entry-point <org.springframework.samples.petclinic.web.VisitController: java.lang.String showVisits(int, java.util.Map)>
11:50:30.141 [0.6/8.0G] INFO  [main] contrast.umbrella.cli.DiagnosticPipelineListener: completed 25 of 36 entrypoints (complete). org.springframework.samples.petclinic.web.VisitController.showVisits(int,java.util.Map)
11:50:30.185 [0.6/8.0G] INFO  [main] de.fraunhofer.iem.umbrella.java.UmbrellaJavaPipeline: Starting at entry-point <org.springframework.samples.petclinic.web.OwnerController: java.lang.String initCreationForm(java.util.Map)>
11:50:30.185 [0.6/8.0G] INFO  [main] contrast.umbrella.cli.DiagnosticPipelineListener: completed 26 of 36 entrypoints (complete). org.springframework.samples.petclinic.web.OwnerController.initCreationForm(java.util.Map)
11:50:30.219 [0.6/8.0G] INFO  [main] de.fraunhofer.iem.umbrella.java.UmbrellaJavaPipeline: Starting at entry-point <org.springframework.samples.petclinic.web.OwnerController: java.lang.String processCreationForm(org.springframework.samples.petclinic.model.Owner, org.springframework.validation.BindingResult)>
11:50:30.236 [0.6/8.0G] INFO  [main] contrast.umbrella.cli.DiagnosticPipelineListener: completed 27 of 36 entrypoints (complete). org.springframework.samples.petclinic.web.OwnerController.processCreationForm(org.springframework.samples.petclinic.model.Owner,org.springframework.validation.BindingResult)
11:50:30.266 [0.6/8.0G] INFO  [main] de.fraunhofer.iem.umbrella.java.UmbrellaJavaPipeline: Starting at entry-point <org.springframework.samples.petclinic.web.OwnerController: java.lang.String initFindForm(java.util.Map)>
11:50:30.266 [0.7/8.0G] INFO  [main] contrast.umbrella.cli.DiagnosticPipelineListener: completed 28 of 36 entrypoints (complete). org.springframework.samples.petclinic.web.OwnerController.initFindForm(java.util.Map)
11:50:30.298 [0.7/8.0G] INFO  [main] de.fraunhofer.iem.umbrella.java.UmbrellaJavaPipeline: Starting at entry-point <org.springframework.samples.petclinic.web.OwnerController: java.lang.String processFindForm(org.springframework.samples.petclinic.model.Owner, org.springframework.validation.BindingResult, java.util.Map)>
11:50:30.334 [0.7/8.0G] INFO  [main] contrast.umbrella.cli.DiagnosticPipelineListener: completed 29 of 36 entrypoints (complete). org.springframework.samples.petclinic.web.OwnerController.processFindForm(org.springframework.samples.petclinic.model.Owner,org.springframework.validation.BindingResult,java.util.Map)
11:50:30.361 [0.7/8.0G] INFO  [main] de.fraunhofer.iem.umbrella.java.UmbrellaJavaPipeline: Starting at entry-point <org.springframework.samples.petclinic.web.OwnerController: java.lang.String initUpdateOwnerForm(int, org.springframework.ui.Model)>
11:50:30.385 [0.7/8.0G] INFO  [main] contrast.umbrella.cli.DiagnosticPipelineListener: completed 30 of 36 entrypoints (complete). org.springframework.samples.petclinic.web.OwnerController.initUpdateOwnerForm(int,org.springframework.ui.Model)
11:50:30.412 [0.7/8.0G] INFO  [main] de.fraunhofer.iem.umbrella.java.UmbrellaJavaPipeline: Starting at entry-point <org.springframework.samples.petclinic.web.OwnerController: java.lang.String processUpdateOwnerForm(org.springframework.samples.petclinic.model.Owner, org.springframework.validation.BindingResult, int)>
11:50:30.425 [0.7/8.0G] INFO  [main] contrast.umbrella.cli.DiagnosticPipelineListener: completed 31 of 36 entrypoints (complete). org.springframework.samples.petclinic.web.OwnerController.processUpdateOwnerForm(org.springframework.samples.petclinic.model.Owner,org.springframework.validation.BindingResult,int)
11:50:30.449 [0.7/8.0G] INFO  [main] de.fraunhofer.iem.umbrella.java.UmbrellaJavaPipeline: Starting at entry-point <org.springframework.samples.petclinic.web.OwnerController: org.springframework.web.servlet.ModelAndView showOwner(int)>
11:50:30.468 [0.8/8.0G] INFO  [main] contrast.umbrella.cli.DiagnosticPipelineListener: completed 32 of 36 entrypoints (complete). org.springframework.samples.petclinic.web.OwnerController.showOwner(int)
11:50:30.496 [0.8/8.0G] INFO  [main] de.fraunhofer.iem.umbrella.java.UmbrellaJavaPipeline: Starting at entry-point <org.apache.jsp.WEB_002dINF.jsp.welcome_jsp: void _jspService(javax.servlet.http.HttpServletRequest, javax.servlet.http.HttpServletResponse)>
11:50:30.586 [0.5/8.0G] INFO  [main] contrast.umbrella.cli.DiagnosticPipelineListener: completed 33 of 36 entrypoints (complete). /WEB-INF/jsp/welcome.jsp
11:50:30.609 [0.5/8.0G] INFO  [main] de.fraunhofer.iem.umbrella.java.UmbrellaJavaPipeline: Starting at entry-point <org.apache.jsp.WEB_002dINF.jsp.owners.createOrUpdateOwnerForm_jsp: void _jspService(javax.servlet.http.HttpServletRequest, javax.servlet.http.HttpServletResponse)>
11:50:30.652 [0.5/8.0G] INFO  [main] contrast.umbrella.cli.DiagnosticPipelineListener: completed 34 of 36 entrypoints (complete). /WEB-INF/jsp/owners/createOrUpdateOwnerForm.jsp
11:50:30.680 [0.6/8.0G] INFO  [main] de.fraunhofer.iem.umbrella.java.UmbrellaJavaPipeline: Starting at entry-point <org.springframework.samples.petclinic.web.VetController: java.lang.String showVetList(java.util.Map)>
11:50:30.687 [0.6/8.0G] INFO  [main] contrast.umbrella.cli.DiagnosticPipelineListener: completed 35 of 36 entrypoints (complete). org.springframework.samples.petclinic.web.VetController.showVetList(java.util.Map)
11:50:30.715 [0.6/8.0G] INFO  [main] de.fraunhofer.iem.umbrella.java.UmbrellaJavaPipeline: Starting at entry-point <org.springframework.samples.petclinic.web.VetController: org.springframework.samples.petclinic.model.Vets showResourcesVetList()>
11:50:30.723 [0.6/8.0G] INFO  [main] contrast.umbrella.cli.DiagnosticPipelineListener: completed 36 of 36 entrypoints (complete). org.springframework.samples.petclinic.web.VetController.showResourcesVetList()
11:50:30.761 [0.6/8.0G] INFO  [main] contrast.umbrella.cli.SarifGeneratingPipelineListener: Vulnerabilities found: 7
